Build started 2016-10-28 8:17:35 PM.
     1>Project "C:\Users\Amin\Documents\MEGA\MEGAsync\College\4Semester\Compilers\Programs\ass01\ass01\ass01.vcxproj" on node 2 (Rebuild target(s)).
     1>ClCompile:
         C:\Program Files (x86)\Microsoft Visual Studio 12.0\VC\bin\x86_amd64\CL.exe /c /Zi /nologo /W4 /WX- /Od /D _DEBUG /D _CONSOLE /Gm /EHsc /RTC1 /MDd /GS /fp:precise /Za /Zc:wchar_t /Zc:forScope /Fo"x64\Debug\\" /Fd"x64\Debug\vc120.pdb" /Gd /TC /errorReport:prompt Buffer.c platy_bt.c
         platy_bt.c
     1>C:\Program Files (x86)\Microsoft Visual Studio 12.0\VC\include\sal.h(156): warning C4001: nonstandard extension 'single line comment' was used
         Buffer.c
     1>C:\Program Files (x86)\Microsoft Visual Studio 12.0\VC\include\sal.h(156): warning C4001: nonstandard extension 'single line comment' was used
     1>Buffer.c(32): warning C4047: '==' : 'int' differs in levels of indirection from 'void *'
     1>Buffer.c(34): warning C4047: 'return' : 'Buffer *' differs in levels of indirection from 'int'
     1>Buffer.c(106): warning C4189: 'temp' : local variable is initialized but not referenced
     1>Buffer.c(445): warning C4047: '=' : 'char *' differs in levels of indirection from 'char'
     1>Buffer.c(591): warning C4047: '=' : 'char *' differs in levels of indirection from 'char **'
         Generating Code...
       Link:
         C:\Program Files (x86)\Microsoft Visual Studio 12.0\VC\bin\x86_amd64\link.exe /ERRORREPORT:PROMPT /OUT:"C:\Users\Amin\Documents\MEGA\MEGAsync\College\4Semester\Compilers\Programs\ass01\x64\Debug\ass01.exe" /INCREMENTAL /NOLOGO kernel32.lib user32.lib gdi32.lib winspool.lib comdlg32.lib advapi32.lib shell32.lib ole32.lib oleaut32.lib uuid.lib odbc32.lib odbccp32.lib /MANIFEST /MANIFESTUAC:"level='asInvoker' uiAccess='false'" /manifest:embed /DEBUG /PDB:"C:\Users\Amin\Documents\MEGA\MEGAsync\College\4Semester\Compilers\Programs\ass01\x64\Debug\ass01.pdb" /SUBSYSTEM:CONSOLE /TLBID:1 /DYNAMICBASE /NXCOMPAT /IMPLIB:"C:\Users\Amin\Documents\MEGA\MEGAsync\College\4Semester\Compilers\Programs\ass01\x64\Debug\ass01.lib" /MACHINE:X64 x64\Debug\Buffer.obj
         x64\Debug\platy_bt.obj
         ass01.vcxproj -> C:\Users\Amin\Documents\MEGA\MEGAsync\College\4Semester\Compilers\Programs\ass01\x64\Debug\ass01.exe
     1>Done Building Project "C:\Users\Amin\Documents\MEGA\MEGAsync\College\4Semester\Compilers\Programs\ass01\ass01\ass01.vcxproj" (Rebuild target(s)).

Build succeeded.

Time Elapsed 00:00:00.69
